[     497ms] [INFO] %cDownload the React DevTools for a better development experience: https://react.dev/link/react-devtools font-weight:bold @ http://localhost:5173/node_modules/.vite/deps/react-dom_client.js?v=90146d51:14335
[  179194ms] [ERROR] Failed to load resource: the server responded with a status of 500 (Internal Server Error) @ http://localhost:5173/src/store.ts?t=1782965294019:0
[  179195ms] [ERROR] [vite] Failed to reload /src/pages/BoardPage.tsx. This could be due to syntax errors or importing non-existent modules. (see errors above) @ http://localhost:5173/@vite/client:928
[  179196ms] [ERROR] [vite] Failed to reload /src/components/MemoryGraph.tsx. This could be due to syntax errors or importing non-existent modules. (see errors above) @ http://localhost:5173/@vite/client:928
[  179196ms] [ERROR] [vite] Failed to reload /src/components/DocumentViewer.tsx. This could be due to syntax errors or importing non-existent modules. (see errors above) @ http://localhost:5173/@vite/client:928
[  179196ms] [ERROR] [vite] Failed to reload /src/components/clinical/ClinicalCard.tsx. This could be due to syntax errors or importing non-existent modules. (see errors above) @ http://localhost:5173/@vite/client:928
[  179196ms] [ERROR] [vite] Failed to reload /src/components/cinematic/CinematicLayer.tsx. This could be due to syntax errors or importing non-existent modules. (see errors above) @ http://localhost:5173/@vite/client:928
[  179196ms] [ERROR] [vite] Failed to reload /src/pages/ComparePage.tsx. This could be due to syntax errors or importing non-existent modules. (see errors above) @ http://localhost:5173/@vite/client:928
[  179196ms] [ERROR] [vite] Failed to reload /src/components/CommandPalette.tsx. This could be due to syntax errors or importing non-existent modules. (see errors above) @ http://localhost:5173/@vite/client:928
[  179196ms] [ERROR] [vite] Failed to reload /src/components/HowItWorks.tsx. This could be due to syntax errors or importing non-existent modules. (see errors above) @ http://localhost:5173/@vite/client:928
[  179196ms] [ERROR] [vite] Failed to reload /src/pages/Dashboard.tsx. This could be due to syntax errors or importing non-existent modules. (see errors above) @ http://localhost:5173/@vite/client:928
[  179196ms] [ERROR] [vite] Failed to reload /src/components/DropZone.tsx. This could be due to syntax errors or importing non-existent modules. (see errors above) @ http://localhost:5173/@vite/client:928
[  179197ms] [ERROR] [vite] Failed to reload /src/components/WhyPanel.tsx. This could be due to syntax errors or importing non-existent modules. (see errors above) @ http://localhost:5173/@vite/client:928
[  179197ms] [ERROR] [vite] Failed to reload /src/components/ChatPane.tsx. This could be due to syntax errors or importing non-existent modules. (see errors above) @ http://localhost:5173/@vite/client:928
[  179197ms] [ERROR] [vite] Failed to reload /src/components/RewindSlider.tsx. This could be due to syntax errors or importing non-existent modules. (see errors above) @ http://localhost:5173/@vite/client:928
[  179197ms] [ERROR] [vite] Failed to reload /src/components/PatientPicker.tsx. This could be due to syntax errors or importing non-existent modules. (see errors above) @ http://localhost:5173/@vite/client:928
[  179197ms] [ERROR] [vite] Failed to reload /src/components/layout/ClinicalShell.tsx. This could be due to syntax errors or importing non-existent modules. (see errors above) @ http://localhost:5173/@vite/client:928
[  179197ms] [ERROR] [vite] Failed to reload /src/components/EvidenceBoard.tsx. This could be due to syntax errors or importing non-existent modules. (see errors above) @ http://localhost:5173/@vite/client:928
[  179197ms] [ERROR] [vite] Failed to reload /src/pages/MemoryMapPage.tsx. This could be due to syntax errors or importing non-existent modules. (see errors above) @ http://localhost:5173/@vite/client:928
[  179198ms] [ERROR] [vite] Failed to reload /src/pages/LoginPage.tsx. This could be due to syntax errors or importing non-existent modules. (see errors above) @ http://localhost:5173/@vite/client:928
[  179198ms] [ERROR] [vite] Failed to reload /src/components/clinical/PreVisitBrief.tsx. This could be due to syntax errors or importing non-existent modules. (see errors above) @ http://localhost:5173/@vite/client:928
[  179198ms] [ERROR] [vite] Failed to reload /src/components/PatientTimeline.tsx. This could be due to syntax errors or importing non-existent modules. (see errors above) @ http://localhost:5173/@vite/client:928
[  179198ms] [ERROR] [vite] Failed to reload /src/components/SplitChat.tsx. This could be due to syntax errors or importing non-existent modules. (see errors above) @ http://localhost:5173/@vite/client:928
[  179198ms] [ERROR] [vite] Failed to reload /src/components/FactReel.tsx. This could be due to syntax errors or importing non-existent modules. (see errors above) @ http://localhost:5173/@vite/client:928
[  179198ms] [ERROR] [vite] Failed to reload /src/pages/PatientWorkspace.tsx. This could be due to syntax errors or importing non-existent modules. (see errors above) @ http://localhost:5173/@vite/client:928
